#
# A fatal error has been detected by the Java Runtime Environment:
#
#  Internal Error (t:/workspace/open/src/hotspot/share/oops/generateOopMap.cpp:2162), pid=12700, tid=12256
#  fatal error: Illegal class file encountered. Try running with -Xverify:all in method <init>
#
# JRE version: Java(TM) SE Runtime Environment (10.0.1+10) (build 10.0.1+10)
# Java VM: Java HotSpot(TM) 64-Bit Server VM (10.0.1+10, mixed mode, tiered, compressed oops, g1 gc, windows-amd64)
# No core dump will be written. Minidumps are not enabled by default on client versions of Windows
#
# If you would like to submit a bug report, please visit:
#   http://bugreport.java.com/bugreport/crash.jsp
#

---------------  S U M M A R Y ------------

Command Line: -agentlib:jdwp=transport=dt_socket,suspend=y,address=localhost:52071 -Dfile.encoding=Cp1255 PackMan.ShortestPathAlgo

Host: Intel(R) Core(TM) i3-3110M CPU @ 2.40GHz, 4 cores, 3G,  Windows 10 , 64 bit Build 17134 (10.0.17134.1)
Time: Wed Dec 12 22:33:00 2018 ???? ???? ??????? elapsed time: 9246 seconds (0d 2h 34m 6s)

---------------  T H R E A D  ---------------

Current thread (0x000001e23dccf000):  GCTaskThread "GC Thread#1" [stack: 0x00000040a5f00000,0x00000040a6000000] [id=12256]

Stack: [0x00000040a5f00000,0x00000040a6000000]
[error occurred during error reporting (printing stack bounds), id 0xe0000000]

Native frames: (J=compiled Java code, j=interpreted, Vv=VM code, C=native code)
V  [jvm.dll+0x5a0369]
V  [jvm.dll+0x6bcf81]
V  [jvm.dll+0x6be176]
V  [jvm.dll+0x6be765]
V  [jvm.dll+0x6be71b]
V  [jvm.dll+0x59fb63]
V  [jvm.dll+0x59ff68]
C  [ntdll.dll+0x9ed3d]
C  [ntdll.dll+0x6c86]
C  [ntdll.dll+0x9dc6e]
C  0x000001e246c70ead

JavaThread 0x000001e23dcb5000 (nid = 7676) was being processed
Java frames: (J=compiled Java code, j=interpreted, Vv=VM code)
j  java.util.Arrays.copyOfRange([BII)[B+41 java.base@10.0.1
j  java.lang.StringLatin1.newString([BII)Ljava/lang/String;+9 java.base@10.0.1
j  java.lang.StringBuilder.toString()Ljava/lang/String;+16 java.base@10.0.1
j  PackMan.ShortestPathAlgo.toString()Ljava/lang/String;+37
v  ~StubRoutines::call_stub
j  PackMan.ShortestPathAlgo.<init>(LPackMan/Game;)V+97
j  PackMan.ShortestPathAlgo.main([Ljava/lang/String;)V+15
v  ~StubRoutines::call_stub

---------------  P R O C E S S  ---------------

Threads class SMR info:
_java_thread_list=0x000001e25b829590, length=14, elements={
0x000001e23dcb5000, 0x000001e25b528000, 0x000001e25b560000, 0x000001e25b56a800,
0x000001e25b56d800, 0x000001e25b57b000, 0x000001e25b5da800, 0x000001e25b5e6800,
0x000001e25b5eb000, 0x000001e25b82d800, 0x000001e25b831000, 0x000001e25b832000,
0x000001e25b846000, 0x000001e25b84e000
}

Java Threads: ( => current thread )
  0x000001e23dcb5000 JavaThread "main" [_thread_blocked, id=7676, stack(0x00000040a5d00000,0x00000040a5e00000)]
  0x000001e25b528000 JavaThread "Reference Handler" daemon [_thread_blocked, id=10164, stack(0x00000040a6a00000,0x00000040a6b00000)]
  0x000001e25b560000 JavaThread "Finalizer" daemon [_thread_blocked, id=13604, stack(0x00000040a6b00000,0x00000040a6c00000)]
  0x000001e25b56a800 JavaThread "Signal Dispatcher" daemon [_thread_blocked, id=12736, stack(0x00000040a6c00000,0x00000040a6d00000)]
  0x000001e25b56d800 JavaThread "Attach Listener" daemon [_thread_blocked, id=5920, stack(0x00000040a6d00000,0x00000040a6e00000)]
  0x000001e25b57b000 JavaThread "C2 CompilerThread0" daemon [_thread_blocked, id=9176, stack(0x00000040a6e00000,0x00000040a6f00000)]
  0x000001e25b5da800 JavaThread "C2 CompilerThread1" daemon [_thread_blocked, id=4592, stack(0x00000040a6f00000,0x00000040a7000000)]
  0x000001e25b5e6800 JavaThread "C1 CompilerThread2" daemon [_thread_blocked, id=13616, stack(0x00000040a7000000,0x00000040a7100000)]
  0x000001e25b5eb000 JavaThread "Sweeper thread" daemon [_thread_blocked, id=5200, stack(0x00000040a7100000,0x00000040a7200000)]
  0x000001e25b82d800 JavaThread "JDWP Transport Listener: dt_socket" daemon [_thread_blocked, id=4796, stack(0x00000040a7200000,0x00000040a7300000)]
  0x000001e25b831000 JavaThread "JDWP Event Helper Thread" daemon [_thread_blocked, id=836, stack(0x00000040a7300000,0x00000040a7400000)]
  0x000001e25b832000 JavaThread "JDWP Command Reader" daemon [_thread_in_native, id=14084, stack(0x00000040a7400000,0x00000040a7500000)]
  0x000001e25b846000 JavaThread "Service Thread" daemon [_thread_blocked, id=13560, stack(0x00000040a7500000,0x00000040a7600000)]
  0x000001e25b84e000 JavaThread "Common-Cleaner" daemon [_thread_blocked, id=13600, stack(0x00000040a7600000,0x00000040a7700000)]

Other Threads:
  0x000001e25b522000 VMThread "VM Thread" [stack: 0x00000040a6900000,0x00000040a6a00000] [id=12200]
  0x000001e25b853000 WatcherThread [stack: 0x00000040a7700000,0x00000040a7800000] [id=13608]
  0x000001e23dccd800 GCTaskThread "GC Thread#0" [stack: 0x00000040a5e00000,0x00000040a5f00000] [id=14096]
=>0x000001e23dccf000 GCTaskThread "GC Thread#1" [stack: 0x00000040a5f00000,0x00000040a6000000] [id=12256]
  0x000001e23dcd0800 GCTaskThread "GC Thread#2" [stack: 0x00000040a6000000,0x00000040a6100000] [id=2104]
  0x000001e23dcd3000 GCTaskThread "GC Thread#3" [stack: 0x00000040a6100000,0x00000040a6200000] [id=14236]
  0x000001e23dd0b800 ConcurrentGCThread "G1 Main Marker" [stack: 0x00000040a6200000,0x00000040a6300000] [id=10464]
  0x000001e23dd0f800 ConcurrentGCThread "G1 Conc#0" [stack: 0x00000040a6300000,0x00000040a6400000] [id=11600]
  0x000001e23dd56000 ConcurrentGCThread "G1 Refine#0" [stack: 0x00000040a6400000,0x00000040a6500000] [id=696]
  0x000001e23dd58000 ConcurrentGCThread "G1 Refine#1" [stack: 0x00000040a6500000,0x00000040a6600000] [id=10568]
  0x000001e23dd5d800 ConcurrentGCThread "G1 Refine#2" [stack: 0x00000040a6600000,0x00000040a6700000] [id=10964]
  0x000001e23dd5f800 ConcurrentGCThread "G1 Refine#3" [stack: 0x00000040a6700000,0x00000040a6800000] [id=940]
  0x000001e23dd63800 ConcurrentGCThread "G1 Young RemSet Sampling" [stack: 0x00000040a6800000,0x00000040a6900000] [id=13464]

Threads with active compile tasks:

VM state:at safepoint (normal execution)

VM Mutex/Monitor currently owned by a thread:  ([mutex/lock_event])
[0x000001e23dcb2b80] Threads_lock - owner thread: 0x000001e25b522000
[0x000001e23dcb17d0] Heap_lock - owner thread: 0x000001e23dcb5000

Heap address: 0x00000000c1a00000, size: 998 MB, Compressed Oops mode: 32-bit
Narrow klass base: 0x0000000000000000, Narrow klass shift: 3
Compressed class space size: 1073741824 Address: 0x0000000100000000

Heap:
 garbage-first heap   total 366592K, used 161003K [0x00000000c1a00000, 0x0000000100000000)
  region size 1024K, 1 young (1024K), 0 survivors (0K)
 Metaspace       used 3715K, capacity 4664K, committed 4864K, reserved 1056768K
  class space    used 364K, capacity 424K, committed 512K, reserved 1048576K
Heap Regions: E=young(eden), S=young(survivor), O=old, HS=humongous(starts), HC=humongous(continues), CS=collection set, F=free, A=archive, TS=gc time stamp, AC=allocation context, TAMS=top-at-mark-start (previous, next)
|   0|0x00000000c1a00000, 0x00000000c1aba600, 0x00000000c1b00000| 72%| O|  |TS  1|AC  0|TAMS 0x00000000c1aba600, 0x00000000c1b00000|
|   1|0x00000000c1b00000, 0x00000000c1c00000, 0x00000000c1c00000|100%|HS|  |TS  0|AC  0|TAMS 0x00000000c1b00000, 0x00000000c1c00000|
|   2|0x00000000c1c00000, 0x00000000c1d00000, 0x00000000c1d00000|100%|HC|  |TS  0|AC  0|TAMS 0x00000000c1c00000, 0x00000000c1d00000|
|   3|0x00000000c1d00000, 0x00000000c1e00000, 0x00000000c1e00000|100%|HC|  |TS  0|AC  0|TAMS 0x00000000c1d00000, 0x00000000c1e00000|
|   4|0x00000000c1e00000, 0x00000000c1f00000, 0x00000000c1f00000|100%|HC|  |TS  0|AC  0|TAMS 0x00000000c1e00000, 0x00000000c1f00000|
|   5|0x00000000c1f00000, 0x00000000c2000000, 0x00000000c2000000|100%|HC|  |TS  0|AC  0|TAMS 0x00000000c1f00000, 0x00000000c2000000|
|   6|0x00000000c2000000, 0x00000000c2100000, 0x00000000c2100000|100%|HC|  |TS  0|AC  0|TAMS 0x00000000c2000000, 0x00000000c2100000|
|   7|0x00000000c2100000, 0x00000000c2200000, 0x00000000c2200000|100%|HC|  |TS  0|AC  0|TAMS 0x00000000c2100000, 0x00000000c2200000|
|   8|0x00000000c2200000, 0x00000000c2300000, 0x00000000c2300000|100%|HC|  |TS  0|AC  0|TAMS 0x00000000c2200000, 0x00000000c2300000|
|   9|0x00000000c2300000, 0x00000000c2400000, 0x00000000c2400000|100%|HC|  |TS  0|AC  0|TAMS 0x00000000c2300000, 0x00000000c2400000|
|  10|0x00000000c2400000, 0x00000000c2500000, 0x00000000c2500000|100%|HC|  |TS  0|AC  0|TAMS 0x00000000c2400000, 0x00000000c2500000|
|  11|0x00000000c2500000, 0x00000000c2600000, 0x00000000c2600000|100%|HC|  |TS  0|AC  0|TAMS 0x00000000c2500000, 0x00000000c2600000|
|  12|0x00000000c2600000, 0x00000000c2700000, 0x00000000c2700000|100%|HC|  |TS  0|AC  0|TAMS 0x00000000c2600000, 0x00000000c2700000|
|  13|0x00000000c2700000, 0x00000000c2800000, 0x00000000c2800000|100%|HC|  |TS  0|AC  0|TAMS 0x00000000c2700000, 0x00000000c2800000|
|  14|0x00000000c2800000, 0x00000000c2900000, 0x00000000c2900000|100%|HS|  |TS  0|AC  0|TAMS 0x00000000c2800000, 0x00000000c2900000|
|  15|0x00000000c2900000, 0x00000000c2a00000, 0x00000000c2a00000|100%|HC|  |TS  0|AC  0|TAMS 0x00000000c2900000, 0x00000000c2a00000|
|  16|0x00000000c2a00000, 0x00000000c2b00000, 0x00000000c2b00000|100%|HC|  |TS  0|AC  0|TAMS 0x00000000c2a00000, 0x00000000c2b00000|
|  17|0x00000000c2b00000, 0x00000000c2c00000, 0x00000000c2c00000|100%|HC|  |TS  0|AC  0|TAMS 0x00000000c2b00000, 0x00000000c2c00000|
|  18|0x00000000c2c00000, 0x00000000c2d00000, 0x00000000c2d00000|100%|HC|  |TS  0|AC  0|TAMS 0x00000000c2c00000, 0x00000000c2d00000|
|  19|0x00000000c2d00000, 0x00000000c2e00000, 0x00000000c2e00000|100%|HC|  |TS  0|AC  0|TAMS 0x00000000c2d00000, 0x00000000c2e00000|
|  20|0x00000000c2e00000, 0x00000000c2f00000, 0x00000000c2f00000|100%|HC|  |TS  0|AC  0|TAMS 0x00000000c2e00000, 0x00000000c2f00000|
|  21|0x00000000c2f00000, 0x00000000c3000000, 0x00000000c3000000|100%|HC|  |TS  0|AC  0|TAMS 0x00000000c2f00000, 0x00000000c3000000|
|  22|0x00000000c3000000, 0x00000000c3100000, 0x00000000c3100000|100%|HC|  |TS  0|AC  0|TAMS 0x00000000c3000000, 0x00000000c3100000|
|  23|0x00000000c3100000, 0x00000000c3200000, 0x00000000c3200000|100%|HC|  |TS  0|AC  0|TAMS 0x00000000c3100000, 0x00000000c3200000|
|  24|0x00000000c3200000, 0x00000000c3300000, 0x00000000c3300000|100%|HC|  |TS  0|AC  0|TAMS 0x00000000c3200000, 0x00000000c3300000|
|  25|0x00000000c3300000, 0x00000000c3400000, 0x00000000c3400000|100%|HC|  |TS  0|AC  0|TAMS 0x00000000c3300000, 0x00000000c3400000|
|  26|0x00000000c3400000, 0x00000000c3500000, 0x00000000c3500000|100%|HC|  |TS  0|AC  0|TAMS 0x00000000c3400000, 0x00000000c3500000|
|  27|0x00000000c3500000, 0x00000000c3600000, 0x00000000c3600000|100%|HC|  |TS  0|AC  0|TAMS 0x00000000c3500000, 0x00000000c3600000|
|  28|0x00000000c3600000, 0x00000000c3700000, 0x00000000c3700000|100%|HC|  |TS  0|AC  0|TAMS 0x00000000c3600000, 0x00000000c3700000|
|  29|0x00000000c3700000, 0x00000000c3800000, 0x00000000c3800000|100%|HC|  |TS  0|AC  0|TAMS 0x00000000c3700000, 0x00000000c3800000|
|  30|0x00000000c3800000, 0x00000000c3900000, 0x00000000c3900000|100%|HC|  |TS  0|AC  0|TAMS 0x00000000c3800000, 0x00000000c3900000|
|  31|0x00000000c3900000, 0x00000000c3a00000, 0x00000000c3a00000|100%|HC|  |TS  0|AC  0|TAMS 0x00000000c3900000, 0x00000000c3a00000|
|  32|0x00000000c3a00000, 0x00000000c3b00000, 0x00000000c3b00000|100%|HC|  |TS  0|AC  0|TAMS 0x00000000c3a00000, 0x00000000c3b00000|
|  33|0x00000000c3b00000, 0x00000000c3c00000, 0x00000000c3c00000|100%|HC|  |TS  0|AC  0|TAMS 0x00000000c3b00000, 0x00000000c3c00000|
|  34|0x00000000c3c00000, 0x00000000c3d00000, 0x00000000c3d00000|100%|HC|  |TS  0|AC  0|TAMS 0x00000000c3c00000, 0x00000000c3d00000|
|  35|0x00000000c3d00000, 0x00000000c3e00000, 0x00000000c3e00000|100%|HC|  |TS  0|AC  0|TAMS 0x00000000c3d00000, 0x00000000c3e00000|
|  36|0x00000000c3e00000, 0x00000000c3f00000, 0x00000000c3f00000|100%|HC|  |TS  0|AC  0|TAMS 0x00000000c3e00000, 0x00000000c3f00000|
|  37|0x00000000c3f00000, 0x00000000c4000000, 0x00000000c4000000|100%|HC|  |TS  0|AC  0|TAMS 0x00000000c3f00000, 0x00000000c4000000|
|  38|0x00000000c4000000, 0x00000000c4100000, 0x00000000c4100000|100%|HC|  |TS  0|AC  0|TAMS 0x00000000c4000000, 0x00000000c4100000|
|  39|0x00000000c4100000, 0x00000000c4200000, 0x00000000c4200000|100%|HC|  |TS  0|AC  0|TAMS 0x00000000c4100000, 0x00000000c4200000|
|  40|0x00000000c4200000, 0x00000000c4300000, 0x00000000c4300000|100%|HS|  |TS  0|AC  0|TAMS 0x00000000c4200000, 0x00000000c4300000|
|  41|0x00000000c4300000, 0x00000000c4400000, 0x00000000c4400000|100%|HC|  |TS  0|AC  0|TAMS 0x00000000c4300000, 0x00000000c4400000|
|  42|0x00000000c4400000, 0x00000000c4500000, 0x00000000c4500000|100%|HC|  |TS  0|AC  0|TAMS 0x00000000c4400000, 0x00000000c4500000|
|  43|0x00000000c4500000, 0x00000000c4600000, 0x00000000c4600000|100%|HC|  |TS  0|AC  0|TAMS 0x00000000c4500000, 0x00000000c4600000|
|  44|0x00000000c4600000, 0x00000000c4700000, 0x00000000c4700000|100%|HC|  |TS  0|AC  0|TAMS 0x00000000c4600000, 0x00000000c4700000|
|  45|0x00000000c4700000, 0x00000000c4800000, 0x00000000c4800000|100%|HC|  |TS  0|AC  0|TAMS 0x00000000c4700000, 0x00000000c4800000|
|  46|0x00000000c4800000, 0x00000000c4900000, 0x00000000c4900000|100%|HC|  |TS  0|AC  0|TAMS 0x00000000c4800000, 0x00000000c4900000|
|  47|0x00000000c4900000, 0x00000000c4a00000, 0x00000000c4a00000|100%|HC|  |TS  0|AC  0|TAMS 0x00000000c4900000, 0x00000000c4a00000|
|  48|0x00000000c4a00000, 0x00000000c4b00000, 0x00000000c4b00000|100%|HC|  |TS  0|AC  0|TAMS 0x00000000c4a00000, 0x00000000c4b00000|
|  49|0x00000000c4b00000, 0x00000000c4c00000, 0x00000000c4c00000|100%|HC|  |TS  0|AC  0|TAMS 0x00000000c4b00000, 0x00000000c4c00000|
|  50|0x00000000c4c00000, 0x00000000c4d00000, 0x00000000c4d00000|100%|HC|  |TS  0|AC  0|TAMS 0x00000000c4c00000, 0x00000000c4d00000|
|  51|0x00000000c4d00000, 0x00000000c4e00000, 0x00000000c4e00000|100%|HC|  |TS  0|AC  0|TAMS 0x00000000c4d00000, 0x00000000c4e00000|
|  52|0x00000000c4e00000, 0x00000000c4f00000, 0x00000000c4f00000|100%|HC|  |TS  0|AC  0|TAMS 0x00000000c4e00000, 0x00000000c4f00000|
|  53|0x00000000c4f00000, 0x00000000c5000000, 0x00000000c5000000|100%|HS|  |TS  0|AC  0|TAMS 0x00000000c4f00000, 0x00000000c5000000|
|  54|0x00000000c5000000, 0x00000000c5100000, 0x00000000c5100000|100%|HC|  |TS  0|AC  0|TAMS 0x00000000c5000000, 0x00000000c5100000|
|  55|0x00000000c5100000, 0x00000000c5200000, 0x00000000c5200000|100%|HC|  |TS  0|AC  0|TAMS 0x00000000c5100000, 0x00000000c5200000|
|  56|0x00000000c5200000, 0x00000000c5300000, 0x00000000c5300000|100%|HC|  |TS  0|AC  0|TAMS 0x00000000c5200000, 0x00000000c5300000|
|  57|0x00000000c5300000, 0x00000000c5400000, 0x00000000c5400000|100%|HC|  |TS  0|AC  0|TAMS 0x00000000c5300000, 0x00000000c5400000|
|  58|0x00000000c5400000, 0x00000000c5500000, 0x00000000c5500000|100%|HC|  |TS  0|AC  0|TAMS 0x00000000c5400000, 0x00000000c5500000|
|  59|0x00000000c5500000, 0x00000000c5600000, 0x00000000c5600000|100%|HC|  |TS  0|AC  0|TAMS 0x00000000c5500000, 0x00000000c5600000|
|  60|0x00000000c5600000, 0x00000000c5700000, 0x00000000c5700000|100%|HC|  |TS  0|AC  0|TAMS 0x00000000c5600000, 0x00000000c5700000|
|  61|0x00000000c5700000, 0x00000000c5800000, 0x00000000c5800000|100%|HC|  |TS  0|AC  0|TAMS 0x00000000c5700000, 0x00000000c5800000|
|  62|0x00000000c5800000, 0x00000000c5900000, 0x00000000c5900000|100%|HC|  |TS  0|AC  0|TAMS 0x00000000c5800000, 0x00000000c5900000|
|  63|0x00000000c5900000, 0x00000000c5a00000, 0x00000000c5a00000|100%|HC|  |TS  0|AC  0|TAMS 0x00000000c5900000, 0x00000000c5a00000|
|  64|0x00000000c5a00000, 0x00000000c5b00000, 0x00000000c5b00000|100%|HC|  |TS  0|AC  0|TAMS 0x00000000c5a00000, 0x00000000c5b00000|
|  65|0x00000000c5b00000, 0x00000000c5c00000, 0x00000000c5c00000|100%|HC|  |TS  0|AC  0|TAMS 0x00000000c5b00000, 0x00000000c5c00000|
|  66|0x00000000c5c00000, 0x00000000c5d00000, 0x00000000c5d00000|100%|HS|  |TS  0|AC  0|TAMS 0x00000000c5c00000, 0x00000000c5d00000|
|  67|0x00000000c5d00000, 0x00000000c5e00000, 0x00000000c5e00000|100%|HC|  |TS  0|AC  0|TAMS 0x00000000c5d00000, 0x00000000c5e00000|
|  68|0x00000000c5e00000, 0x00000000c5f00000, 0x00000000c5f00000|100%|HC|  |TS  0|AC  0|TAMS 0x00000000c5e00000, 0x00000000c5f00000|
|  69|0x00000000c5f00000, 0x00000000c6000000, 0x00000000c6000000|100%|HC|  |TS  0|AC  0|TAMS 0x00000000c5f00000, 0x00000000c6000000|
|  70|0x00000000c6000000, 0x00000000c6100000, 0x00000000c6100000|100%|HC|  |TS  0|AC  0|TAMS 0x00000000c6000000, 0x00000000c6100000|
|  71|0x00000000c6100000, 0x00000000c6200000, 0x00000000c6200000|100%|HC|  |TS  0|AC  0|TAMS 0x00000000c6100000, 0x00000000c6200000|
|  72|0x00000000c6200000, 0x00000000c6300000, 0x00000000c6300000|100%|HC|  |TS  0|AC  0|TAMS 0x00000000c6200000, 0x00000000c6300000|
|  73|0x00000000c6300000, 0x00000000c6400000, 0x00000000c6400000|100%|HC|  |TS  0|AC  0|TAMS 0x00000000c6300000, 0x00000000c6400000|
|  74|0x00000000c6400000, 0x00000000c6500000, 0x00000000c6500000|100%|HC|  |TS  0|AC  0|TAMS 0x00000000c6400000, 0x00000000c6500000|
|  75|0x00000000c6500000, 0x00000000c6600000, 0x00000000c6600000|100%|HC|  |TS  0|AC  0|TAMS 0x00000000c6500000, 0x00000000c6600000|
|  76|0x00000000c6600000, 0x00000000c6700000, 0x00000000c6700000|100%|HC|  |TS  0|AC  0|TAMS 0x00000000c6600000, 0x00000000c6700000|
|  77|0x00000000c6700000, 0x00000000c6800000, 0x00000000c6800000|100%|HC|  |TS  0|AC  0|TAMS 0x00000000c6700000, 0x00000000c6800000|
|  78|0x00000000c6800000, 0x00000000c6900000, 0x00000000c6900000|100%|HC|  |TS  0|AC  0|TAMS 0x00000000c6800000, 0x00000000c6900000|
|  79|0x00000000c6900000, 0x00000000c6a00000, 0x00000000c6a00000|100%|HC|  |TS  0|AC  0|TAMS 0x00000000c6900000, 0x00000000c6a00000|
|  80|0x00000000c6a00000, 0x00000000c6b00000, 0x00000000c6b00000|100%|HC|  |TS  0|AC  0|TAMS 0x00000000c6a00000, 0x00000000c6b00000|
|  81|0x00000000c6b00000, 0x00000000c6c00000, 0x00000000c6c00000|100%|HC|  |TS  0|AC  0|TAMS 0x00000000c6b00000, 0x00000000c6c00000|
|  82|0x00000000c6c00000, 0x00000000c6d00000, 0x00000000c6d00000|100%|HC|  |TS  0|AC  0|TAMS 0x00000000c6c00000, 0x00000000c6d00000|
|  83|0x00000000c6d00000, 0x00000000c6e00000, 0x00000000c6e00000|100%|HC|  |TS  0|AC  0|TAMS 0x00000000c6d00000, 0x00000000c6e00000|
|  84|0x00000000c6e00000, 0x00000000c6f00000, 0x00000000c6f00000|100%|HC|  |TS  0|AC  0|TAMS 0x00000000c6e00000, 0x00000000c6f00000|
|  85|0x00000000c6f00000, 0x00000000c7000000, 0x00000000c7000000|100%|HC|  |TS  0|AC  0|TAMS 0x00000000c6f00000, 0x00000000c7000000|
|  86|0x00000000c7000000, 0x00000000c7100000, 0x00000000c7100000|100%|HC|  |TS  0|AC  0|TAMS 0x00000000c7000000, 0x00000000c7100000|
|  87|0x00000000c7100000, 0x00000000c7200000, 0x00000000c7200000|100%|HC|  |TS  0|AC  0|TAMS 0x00000000c7100000, 0x00000000c7200000|
|  88|0x00000000c7200000, 0x00000000c7300000, 0x00000000c7300000|100%|HC|  |TS  0|AC  0|TAMS 0x00000000c7200000, 0x00000000c7300000|
|  89|0x00000000c7300000, 0x00000000c7400000, 0x00000000c7400000|100%|HC|  |TS  0|AC  0|TAMS 0x00000000c7300000, 0x00000000c7400000|
|  90|0x00000000c7400000, 0x00000000c7500000, 0x00000000c7500000|100%|HC|  |TS  0|AC  0|TAMS 0x00000000c7400000, 0x00000000c7500000|
|  91|0x00000000c7500000, 0x00000000c7600000, 0x00000000c7600000|100%|HC|  |TS  0|AC  0|TAMS 0x00000000c7500000, 0x00000000c7600000|
|  92|0x00000000c7600000, 0x00000000c7700000, 0x00000000c7700000|100%|HS|  |TS  0|AC  0|TAMS 0x00000000c7600000, 0x00000000c7700000|
|  93|0x00000000c7700000, 0x00000000c7800000, 0x00000000c7800000|100%|HC|  |TS  0|AC  0|TAMS 0x00000000c7700000, 0x00000000c7800000|
|  94|0x00000000c7800000, 0x00000000c7900000, 0x00000000c7900000|100%|HC|  |TS  0|AC  0|TAMS 0x00000000c7800000, 0x00000000c7900000|
|  95|0x00000000c7900000, 0x00000000c7a00000, 0x00000000c7a00000|100%|HC|  |TS  0|AC  0|TAMS 0x00000000c7900000, 0x00000000c7a00000|
|  96|0x00000000c7a00000, 0x00000000c7b00000, 0x00000000c7b00000|100%|HC|  |TS  0|AC  0|TAMS 0x00000000c7a00000, 0x00000000c7b00000|
|  97|0x00000000c7b00000, 0x00000000c7c00000, 0x00000000c7c00000|100%|HC|  |TS  0|AC  0|TAMS 0x00000000c7b00000, 0x00000000c7c00000|
|  98|0x00000000c7c00000, 0x00000000c7d00000, 0x00000000c7d00000|100%|HC|  |TS  0|AC  0|TAMS 0x00000000c7c00000, 0x00000000c7d00000|
|  99|0x00000000c7d00000, 0x00000000c7e00000, 0x00000000c7e00000|100%|HC|  |TS  0|AC  0|TAMS 0x00000000c7d00000, 0x00000000c7e00000|
| 100|0x00000000c7e00000, 0x00000000c7f00000, 0x00000000c7f00000|100%|HC|  |TS  0|AC  0|TAMS 0x00000000c7e00000, 0x00000000c7f00000|
| 101|0x00000000c7f00000, 0x00000000c8000000, 0x00000000c8000000|100%|HC|  |TS  0|AC  0|TAMS 0x00000000c7f00000, 0x00000000c8000000|
| 102|0x00000000c8000000, 0x00000000c8100000, 0x00000000c8100000|100%|HC|  |TS  0|AC  0|TAMS 0x00000000c8000000, 0x00000000c8100000|
| 103|0x00000000c8100000, 0x00000000c8200000, 0x00000000c8200000|100%|HC|  |TS  0|AC  0|TAMS 0x00000000c8100000, 0x00000000c8200000|
| 104|0x00000000c8200000, 0x00000000c8300000, 0x00000000c8300000|100%|HC|  |TS  0|AC  0|TAMS 0x00000000c8200000, 0x00000000c8300000|
| 105|0x00000000c8300000, 0x00000000c8400000, 0x00000000c8400000|100%|HS|  |TS  0|AC  0|TAMS 0x00000000c8300000, 0x00000000c8400000|
| 106|0x00000000c8400000, 0x00000000c8500000, 0x00000000c8500000|100%|HC|  |TS  0|AC  0|TAMS 0x00000000c8400000, 0x00000000c8500000|
| 107|0x00000000c8500000, 0x00000000c8600000, 0x00000000c8600000|100%|HC|  |TS  0|AC  0|TAMS 0x00000000c8500000, 0x00000000c8600000|
| 108|0x00000000c8600000, 0x00000000c8700000, 0x00000000c8700000|100%|HC|  |TS  0|AC  0|TAMS 0x00000000c8600000, 0x00000000c8700000|
| 109|0x00000000c8700000, 0x00000000c8800000, 0x00000000c8800000|100%|HC|  |TS  0|AC  0|TAMS 0x00000000c8700000, 0x00000000c8800000|
| 110|0x00000000c8800000, 0x00000000c8900000, 0x00000000c8900000|100%|HC|  |TS  0|AC  0|TAMS 0x00000000c8800000, 0x00000000c8900000|
| 111|0x00000000c8900000, 0x00000000c8a00000, 0x00000000c8a00000|100%|HC|  |TS  0|AC  0|TAMS 0x00000000c8900000, 0x00000000c8a00000|
| 112|0x00000000c8a00000, 0x00000000c8b00000, 0x00000000c8b00000|100%|HC|  |TS  0|AC  0|TAMS 0x00000000c8a00000, 0x00000000c8b00000|
| 113|0x00000000c8b00000, 0x00000000c8c00000, 0x00000000c8c00000|100%|HC|  |TS  0|AC  0|TAMS 0x00000000c8b00000, 0x00000000c8c00000|
| 114|0x00000000c8c00000, 0x00000000c8d00000, 0x00000000c8d00000|100%|HC|  |TS  0|AC  0|TAMS 0x00000000c8c00000, 0x00000000c8d00000|
| 115|0x00000000c8d00000, 0x00000000c8e00000, 0x00000000c8e00000|100%|HC|  |TS  0|AC  0|TAMS 0x00000000c8d00000, 0x00000000c8e00000|
| 116|0x00000000c8e00000, 0x00000000c8f00000, 0x00000000c8f00000|100%|HC|  |TS  0|AC  0|TAMS 0x00000000c8e00000, 0x00000000c8f00000|
| 117|0x00000000c8f00000, 0x00000000c9000000, 0x00000000c9000000|100%|HC|  |TS  0|AC  0|TAMS 0x00000000c8f00000, 0x00000000c9000000|
| 118|0x00000000c9000000, 0x00000000c9100000, 0x00000000c9100000|100%|HS|  |TS  0|AC  0|TAMS 0x00000000c9100000, 0x00000000c9100000|
| 119|0x00000000c9100000, 0x00000000c9200000, 0x00000000c9200000|100%|HC|  |TS  0|AC  0|TAMS 0x00000000c9200000, 0x00000000c9200000|
| 120|0x00000000c9200000, 0x00000000c9300000, 0x00000000c9300000|100%|HC|  |TS  0|AC  0|TAMS 0x00000000c9300000, 0x00000000c9300000|
| 121|0x00000000c9300000, 0x00000000c9400000, 0x00000000c9400000|100%|HC|  |TS  0|AC  0|TAMS 0x00000000c9400000, 0x00000000c9400000|
| 122|0x00000000c9400000, 0x00000000c9500000, 0x00000000c9500000|100%|HC|  |TS  0|AC  0|TAMS 0x00000000c9500000, 0x00000000c9500000|
| 123|0x00000000c9500000, 0x00000000c9600000, 0x00000000c9600000|100%|HC|  |TS  0|AC  0|TAMS 0x00000000c9600000, 0x00000000c9600000|
| 124|0x00000000c9600000, 0x00000000c9700000, 0x00000000c9700000|100%|HC|  |TS  0|AC  0|TAMS 0x00000000c9700000, 0x00000000c9700000|
| 125|0x00000000c9700000, 0x00000000c9800000, 0x00000000c9800000|100%|HC|  |TS  0|AC  0|TAMS 0x00000000c9800000, 0x00000000c9800000|
| 126|0x00000000c9800000, 0x00000000c9900000, 0x00000000c9900000|100%|HC|  |TS  0|AC  0|TAMS 0x00000000c9900000, 0x00000000c9900000|
| 127|0x00000000c9900000, 0x00000000c9a00000, 0x00000000c9a00000|100%|HC|  |TS  0|AC  0|TAMS 0x00000000c9a00000, 0x00000000c9a00000|
| 128|0x00000000c9a00000, 0x00000000c9b00000, 0x00000000c9b00000|100%|HC|  |TS  0|AC  0|TAMS 0x00000000c9b00000, 0x00000000c9b00000|
| 129|0x00000000c9b00000, 0x00000000c9c00000, 0x00000000c9c00000|100%|HC|  |TS  0|AC  0|TAMS 0x00000000c9c00000, 0x00000000c9c00000|
| 130|0x00000000c9c00000, 0x00000000c9d00000, 0x00000000c9d00000|100%|HC|  |TS  0|AC  0|TAMS 0x00000000c9d00000, 0x00000000c9d00000|
| 131|0x00000000c9d00000, 0x00000000c9e00000, 0x00000000c9e00000|100%|HS|  |TS  0|AC  0|TAMS 0x00000000c9d00000, 0x00000000c9e00000|
| 132|0x00000000c9e00000, 0x00000000c9f00000, 0x00000000c9f00000|100%|HC|  |TS  0|AC  0|TAMS 0x00000000c9e00000, 0x00000000c9f00000|
| 133|0x00000000c9f00000, 0x00000000ca000000, 0x00000000ca000000|100%|HC|  |TS  0|AC  0|TAMS 0x00000000c9f00000, 0x00000000ca000000|
| 134|0x00000000ca000000, 0x00000000ca100000, 0x00000000ca100000|100%|HC|  |TS  0|AC  0|TAMS 0x00000000ca000000, 0x00000000ca100000|
| 135|0x00000000ca100000, 0x00000000ca200000, 0x00000000ca200000|100%|HC|  |TS  0|AC  0|TAMS 0x00000000ca100000, 0x00000000ca200000|
| 136|0x00000000ca200000, 0x00000000ca300000, 0x00000000ca300000|100%|HC|  |TS  0|AC  0|TAMS 0x00000000ca200000, 0x00000000ca300000|
| 137|0x00000000ca300000, 0x00000000ca400000, 0x00000000ca400000|100%|HC|  |TS  0|AC  0|TAMS 0x00000000ca300000, 0x00000000ca400000|
| 138|0x00000000ca400000, 0x00000000ca500000, 0x00000000ca500000|100%|HC|  |TS  0|AC  0|TAMS 0x00000000ca400000, 0x00000000ca500000|
| 139|0x00000000ca500000, 0x00000000ca600000, 0x00000000ca600000|100%|HC|  |TS  0|AC  0|TAMS 0x00000000ca500000, 0x00000000ca600000|
| 140|0x00000000ca600000, 0x00000000ca700000, 0x00000000ca700000|100%|HC|  |TS  0|AC  0|TAMS 0x00000000ca600000, 0x00000000ca700000|
| 141|0x00000000ca700000, 0x00000000ca800000, 0x00000000ca800000|100%|HC|  |TS  0|AC  0|TAMS 0x00000000ca700000, 0x00000000ca800000|
| 142|0x00000000ca800000, 0x00000000ca900000, 0x00000000ca900000|100%|HC|  |TS  0|AC  0|TAMS 0x00000000ca800000, 0x00000000ca900000|
| 143|0x00000000ca900000, 0x00000000caa00000, 0x00000000caa00000|100%|HC|  |TS  0|AC  0|TAMS 0x00000000ca900000, 0x00000000caa00000|
| 144|0x00000000caa00000, 0x00000000cab00000, 0x00000000cab00000|100%|HC|  |TS  0|AC  0|TAMS 0x00000000caa00000, 0x00000000cab00000|
| 145|0x00000000cab00000, 0x00000000cac00000, 0x00000000cac00000|100%|HC|  |TS  0|AC  0|TAMS 0x00000000cab00000, 0x00000000cac00000|
| 146|0x00000000cac00000, 0x00000000cad00000, 0x00000000cad00000|100%|HC|  |TS  0|AC  0|TAMS 0x00000000cac00000, 0x00000000cad00000|
| 147|0x00000000cad00000, 0x00000000cae00000, 0x00000000cae00000|100%|HC|  |TS  0|AC  0|TAMS 0x00000000cad00000, 0x00000000cae00000|
| 148|0x00000000cae00000, 0x00000000caf00000, 0x00000000caf00000|100%|HC|  |TS  0|AC  0|TAMS 0x00000000cae00000, 0x00000000caf00000|
| 149|0x00000000caf00000, 0x00000000cb000000, 0x00000000cb000000|100%|HC|  |TS  0|AC  0|TAMS 0x00000000caf00000, 0x00000000cb000000|
| 150|0x00000000cb000000, 0x00000000cb100000, 0x00000000cb100000|100%|HC|  |TS  0|AC  0|TAMS 0x00000000cb000000, 0x00000000cb100000|
| 151|0x00000000cb100000, 0x00000000cb200000, 0x00000000cb200000|100%|HC|  |TS  0|AC  0|TAMS 0x00000000cb100000, 0x00000000cb200000|
| 152|0x00000000cb200000, 0x00000000cb300000, 0x00000000cb300000|100%|HC|  |TS  0|AC  0|TAMS 0x00000000cb200000, 0x00000000cb300000|
| 153|0x00000000cb300000, 0x00000000cb400000, 0x00000000cb400000|100%|HC|  |TS  0|AC  0|TAMS 0x00000000cb300000, 0x00000000cb400000|
| 154|0x00000000cb400000, 0x00000000cb500000, 0x00000000cb500000|100%|HC|  |TS  0|AC  0|TAMS 0x00000000cb400000, 0x00000000cb500000|
| 155|0x00000000cb500000, 0x00000000cb600000, 0x00000000cb600000|100%|HC|  |TS  0|AC  0|TAMS 0x00000000cb500000, 0x00000000cb600000|
| 156|0x00000000cb600000, 0x00000000cb700000, 0x00000000cb700000|100%|HC|  |TS  0|AC  0|TAMS 0x00000000cb600000, 0x00000000cb700000|
| 157|0x00000000cb700000, 0x00000000cb700000, 0x00000000cb800000|  0%| F|  |TS  0|AC  0|TAMS 0x00000000cb700000, 0x00000000cb700000|
| 158|0x00000000cb800000, 0x00000000cb800000, 0x00000000cb900000|  0%| F|  |TS  0|AC  0|TAMS 0x00000000cb800000, 0x00000000cb800000|
| 159|0x00000000cb900000, 0x00000000cb900000, 0x00000000cba00000|  0%| F|  |TS  0|AC  0|TAMS 0x00000000cb900000, 0x00000000cb900000|
| 160|0x00000000cba00000, 0x00000000cba00000, 0x00000000cbb00000|  0%| F|  |TS  0|AC  0|TAMS 0x00000000cba00000, 0x00000000cba00000|
| 161|0x00000000cbb00000, 0x00000000cbb00000, 0x00000000cbc00000|  0%| F|  |TS  0|AC  0|TAMS 0x00000000cbb00000, 0x00000000cbb00000|
| 162|0x00000000cbc00000, 0x00000000cbc00000, 0x00000000cbd00000|  0%| F|  |TS  0|AC  0|TAMS 0x00000000cbc00000, 0x00000000cbc00000|
| 163|0x00000000cbd00000, 0x00000000cbd00000, 0x00000000cbe00000|  0%| F|  |TS  0|AC  0|TAMS 0x00000000cbd00000, 0x00000000cbd00000|
| 164|0x00000000cbe00000, 0x00000000cbe00000, 0x00000000cbf00000|  0%| F|  |TS  0|AC  0|TAMS 0x00000000cbe00000, 0x00000000cbe00000|
| 165|0x00000000cbf00000, 0x00000000cbf00000, 0x00000000cc000000|  0%| F|  |TS  0|AC  0|TAMS 0x00000000cbf00000, 0x00000000cbf00000|
| 166|0x00000000cc000000, 0x00000000cc000000, 0x00000000cc100000|  0%| F|  |TS  0|AC  0|TAMS 0x00000000cc000000, 0x00000000cc000000|
| 167|0x00000000cc100000, 0x00000000cc100000, 0x00000000cc200000|  0%| F|  |TS  0|AC  0|TAMS 0x00000000cc100000, 0x00000000cc100000|
| 168|0x00000000cc200000, 0x00000000cc200000, 0x00000000cc300000|  0%| F|  |TS  0|AC  0|TAMS 0x00000000cc200000, 0x00000000cc200000|
| 169|0x00000000cc300000, 0x00000000cc300000, 0x00000000cc400000|  0%| F|  |TS  0|AC  0|TAMS 0x00000000cc300000, 0x00000000cc300000|
| 170|0x00000000cc400000, 0x00000000cc400000, 0x00000000cc500000|  0%| F|  |TS  0|AC  0|TAMS 0x00000000cc400000, 0x00000000cc400000|
| 171|0x00000000cc500000, 0x00000000cc500000, 0x00000000cc600000|  0%| F|  |TS  0|AC  0|TAMS 0x00000000cc500000, 0x00000000cc500000|
| 172|0x00000000cc600000, 0x00000000cc600000, 0x00000000cc700000|  0%| F|  |TS  0|AC  0|TAMS 0x00000000cc600000, 0x00000000cc600000|
| 173|0x00000000cc700000, 0x00000000cc700000, 0x00000000cc800000|  0%| F|  |TS  0|AC  0|TAMS 0x00000000cc700000, 0x00000000cc700000|
| 174|0x00000000cc800000, 0x00000000cc800000, 0x00000000cc900000|  0%| F|  |TS  0|AC  0|TAMS 0x00000000cc800000, 0x00000000cc800000|
| 175|0x00000000cc900000, 0x00000000cc900000, 0x00000000cca00000|  0%| F|  |TS  0|AC  0|TAMS 0x00000000cc900000, 0x00000000cc900000|
| 176|0x00000000cca00000, 0x00000000cca00000, 0x00000000ccb00000|  0%| F|  |TS  0|AC  0|TAMS 0x00000000cca00000, 0x00000000cca00000|
| 177|0x00000000ccb00000, 0x00000000ccb00000, 0x00000000ccc00000|  0%| F|  |TS  0|AC  0|TAMS 0x00000000ccb00000, 0x00000000ccb00000|
| 178|0x00000000ccc00000, 0x00000000ccc00000, 0x00000000ccd00000|  0%| F|  |TS  0|AC  0|TAMS 0x00000000ccc00000, 0x00000000ccc00000|
| 179|0x00000000ccd00000, 0x00000000ccd00000, 0x00000000cce00000|  0%| F|  |TS  0|AC  0|TAMS 0x00000000ccd00000, 0x00000000ccd00000|
| 180|0x00000000cce00000, 0x00000000cce00000, 0x00000000ccf00000|  0%| F|  |TS  0|AC  0|TAMS 0x00000000cce00000, 0x00000000cce00000|
| 181|0x00000000ccf00000, 0x00000000ccf00000, 0x00000000cd000000|  0%| F|  |TS  0|AC  0|TAMS 0x00000000ccf00000, 0x00000000ccf00000|
| 182|0x00000000cd000000, 0x00000000cd000000, 0x00000000cd100000|  0%| F|  |TS  0|AC  0|TAMS 0x00000000cd000000, 0x00000000cd000000|
| 183|0x00000000cd100000, 0x00000000cd100000, 0x00000000cd200000|  0%| F|  |TS  0|AC  0|TAMS 0x00000000cd100000, 0x00000000cd100000|
| 184|0x00000000cd200000, 0x00000000cd200000, 0x00000000cd300000|  0%| F|  |TS  0|AC  0|TAMS 0x00000000cd200000, 0x00000000cd200000|
| 185|0x00000000cd300000, 0x00000000cd300000, 0x00000000cd400000|  0%| F|  |TS  0|AC  0|TAMS 0x00000000cd300000, 0x00000000cd300000|
| 186|0x00000000cd400000, 0x00000000cd400000, 0x00000000cd500000|  0%| F|  |TS  0|AC  0|TAMS 0x00000000cd400000, 0x00000000cd400000|
| 187|0x00000000cd500000, 0x00000000cd500000, 0x00000000cd600000|  0%| F|  |TS  0|AC  0|TAMS 0x00000000cd500000, 0x00000000cd500000|
| 188|0x00000000cd600000, 0x00000000cd600000, 0x00000000cd700000|  0%| F|  |TS  0|AC  0|TAMS 0x00000000cd600000, 0x00000000cd600000|
| 189|0x00000000cd700000, 0x00000000cd700000, 0x00000000cd800000|  0%| F|  |TS  0|AC  0|TAMS 0x00000000cd700000, 0x00000000cd700000|
| 190|0x00000000cd800000, 0x00000000cd800000, 0x00000000cd900000|  0%| F|  |TS  0|AC  0|TAMS 0x00000000cd800000, 0x00000000cd800000|
| 191|0x00000000cd900000, 0x00000000cd900000, 0x00000000cda00000|  0%| F|  |TS  0|AC  0|TAMS 0x00000000cd900000, 0x00000000cd900000|
| 192|0x00000000cda00000, 0x00000000cda00000, 0x00000000cdb00000|  0%| F|  |TS  0|AC  0|TAMS 0x00000000cda00000, 0x00000000cda00000|
| 193|0x00000000cdb00000, 0x00000000cdb00000, 0x00000000cdc00000|  0%| F|  |TS  0|AC  0|TAMS 0x00000000cdb00000, 0x00000000cdb00000|
| 194|0x00000000cdc00000, 0x00000000cdc00000, 0x00000000cdd00000|  0%| F|  |TS  0|AC  0|TAMS 0x00000000cdc00000, 0x00000000cdc00000|
| 195|0x00000000cdd00000, 0x00000000cdd00000, 0x00000000cde00000|  0%| F|  |TS  0|AC  0|TAMS 0x00000000cdd00000, 0x00000000cdd00000|
| 196|0x00000000cde00000, 0x00000000cde00000, 0x00000000cdf00000|  0%| F|  |TS  0|AC  0|TAMS 0x00000000cde00000, 0x00000000cde00000|
| 197|0x00000000cdf00000, 0x00000000cdf00000, 0x00000000ce000000|  0%| F|  |TS  0|AC  0|TAMS 0x00000000cdf00000, 0x00000000cdf00000|
| 198|0x00000000ce000000, 0x00000000ce000000, 0x00000000ce100000|  0%| F|  |TS  0|AC  0|TAMS 0x00000000ce000000, 0x00000000ce000000|
| 199|0x00000000ce100000, 0x00000000ce100000, 0x00000000ce200000|  0%| F|  |TS  0|AC  0|TAMS 0x00000000ce100000, 0x00000000ce100000|
| 200|0x00000000ce200000, 0x00000000ce200000, 0x00000000ce300000|  0%| F|  |TS  0|AC  0|TAMS 0x00000000ce200000, 0x00000000ce200000|
| 201|0x00000000ce300000, 0x00000000ce300000, 0x00000000ce400000|  0%| F|  |TS  0|AC  0|TAMS 0x00000000ce300000, 0x00000000ce300000|
| 202|0x00000000ce400000, 0x00000000ce400000, 0x00000000ce500000|  0%| F|  |TS  0|AC  0|TAMS 0x00000000ce400000, 0x00000000ce400000|
| 203|0x00000000ce500000, 0x00000000ce500000, 0x00000000ce600000|  0%| F|  |TS  0|AC  0|TAMS 0x00000000ce500000, 0x00000000ce500000|
| 204|0x00000000ce600000, 0x00000000ce600000, 0x00000000ce700000|  0%| F|  |TS  0|AC  0|TAMS 0x00000000ce600000, 0x00000000ce600000|
| 205|0x00000000ce700000, 0x00000000ce700000, 0x00000000ce800000|  0%| F|  |TS  0|AC  0|TAMS 0x00000000ce700000, 0x00000000ce700000|
| 206|0x00000000ce800000, 0x00000000ce800000, 0x00000000ce900000|  0%| F|  |TS  0|AC  0|TAMS 0x00000000ce800000, 0x00000000ce800000|
| 207|0x00000000ce900000, 0x00000000ce900000, 0x00000000cea00000|  0%| F|  |TS  0|AC  0|TAMS 0x00000000ce900000, 0x00000000ce900000|
| 208|0x00000000cea00000, 0x00000000cea00000, 0x00000000ceb00000|  0%| F|  |TS  0|AC  0|TAMS 0x00000000cea00000, 0x00000000cea00000|
| 209|0x00000000ceb00000, 0x00000000ceb00000, 0x00000000cec00000|  0%| F|  |TS  0|AC  0|TAMS 0x00000000ceb00000, 0x00000000ceb00000|
| 210|0x00000000cec00000, 0x00000000cec00000, 0x00000000ced00000|  0%| F|  |TS  0|AC  0|TAMS 0x00000000cec00000, 0x00000000cec00000|
| 211|0x00000000ced00000, 0x00000000ced00000, 0x00000000cee00000|  0%| F|  |TS  0|AC  0|TAMS 0x00000000ced00000, 0x00000000ced00000|
| 212|0x00000000cee00000, 0x00000000cee00000, 0x00000000cef00000|  0%| F|  |TS  0|AC  0|TAMS 0x00000000cee00000, 0x00000000cee00000|
| 213|0x00000000cef00000, 0x00000000cef00000, 0x00000000cf000000|  0%| F|  |TS  0|AC  0|TAMS 0x00000000cef00000, 0x00000000cef00000|
| 214|0x00000000cf000000, 0x00000000cf000000, 0x00000000cf100000|  0%| F|  |TS  0|AC  0|TAMS 0x00000000cf000000, 0x00000000cf000000|
| 215|0x00000000cf100000, 0x00000000cf100000, 0x00000000cf200000|  0%| F|  |TS  0|AC  0|TAMS 0x00000000cf100000, 0x00000000cf100000|
| 216|0x00000000cf200000, 0x00000000cf200000, 0x00000000cf300000|  0%| F|  |TS  0|AC  0|TAMS 0x00000000cf200000, 0x00000000cf200000|
| 217|0x00000000cf300000, 0x00000000cf300000, 0x00000000cf400000|  0%| F|  |TS  0|AC  0|TAMS 0x00000000cf300000, 0x00000000cf300000|
| 218|0x00000000cf400000, 0x00000000cf400000, 0x00000000cf500000|  0%| F|  |TS  0|AC  0|TAMS 0x00000000cf400000, 0x00000000cf400000|
| 219|0x00000000cf500000, 0x00000000cf500000, 0x00000000cf600000|  0%| F|  |TS  0|AC  0|TAMS 0x00000000cf500000, 0x00000000cf500000|
| 220|0x00000000cf600000, 0x00000000cf600000, 0x00000000cf700000|  0%| F|  |TS  0|AC  0|TAMS 0x00000000cf600000, 0x00000000cf600000|
| 221|0x00000000cf700000, 0x00000000cf700000, 0x00000000cf800000|  0%| F|  |TS  0|AC  0|TAMS 0x00000000cf700000, 0x00000000cf700000|
| 222|0x00000000cf800000, 0x00000000cf800000, 0x00000000cf900000|  0%| F|  |TS  0|AC  0|TAMS 0x00000000cf800000, 0x00000000cf800000|
| 223|0x00000000cf900000, 0x00000000cf900000, 0x00000000cfa00000|  0%| F|  |TS  0|AC  0|TAMS 0x00000000cf900000, 0x00000000cf900000|
| 224|0x00000000cfa00000, 0x00000000cfa00000, 0x00000000cfb00000|  0%| F|  |TS  0|AC  0|TAMS 0x00000000cfa00000, 0x00000000cfa00000|
| 225|0x00000000cfb00000, 0x00000000cfb00000, 0x00000000cfc00000|  0%| F|  |TS  0|AC  0|TAMS 0x00000000cfb00000, 0x00000000cfb00000|
| 226|0x00000000cfc00000, 0x00000000cfc00000, 0x00000000cfd00000|  0%| F|  |TS  0|AC  0|TAMS 0x00000000cfc00000, 0x00000000cfc00000|
| 227|0x00000000cfd00000, 0x00000000cfd00000, 0x00000000cfe00000|  0%| F|  |TS  0|AC  0|TAMS 0x00000000cfd00000, 0x00000000cfd00000|
| 228|0x00000000cfe00000, 0x00000000cfe00000, 0x00000000cff00000|  0%| F|  |TS  0|AC  0|TAMS 0x00000000cfe00000, 0x00000000cfe00000|
| 229|0x00000000cff00000, 0x00000000cff00000, 0x00000000d0000000|  0%| F|  |TS  0|AC  0|TAMS 0x00000000cff00000, 0x00000000cff00000|
| 230|0x00000000d0000000, 0x00000000d0000000, 0x00000000d0100000|  0%| F|  |TS  0|AC  0|TAMS 0x00000000d0000000, 0x00000000d0000000|
| 231|0x00000000d0100000, 0x00000000d0100000, 0x00000000d0200000|  0%| F|  |TS  0|AC  0|TAMS 0x00000000d0100000, 0x00000000d0100000|
| 232|0x00000000d0200000, 0x00000000d0200000, 0x00000000d0300000|  0%| F|  |TS  0|AC  0|TAMS 0x00000000d0200000, 0x00000000d0200000|
| 233|0x00000000d0300000, 0x00000000d0300000, 0x00000000d0400000|  0%| F|  |TS  0|AC  0|TAMS 0x00000000d0300000, 0x00000000d0300000|
| 234|0x00000000d0400000, 0x00000000d0400000, 0x00000000d0500000|  0%| F|  |TS  0|AC  0|TAMS 0x00000000d0400000, 0x00000000d0400000|
| 235|0x00000000d0500000, 0x00000000d0500000, 0x00000000d0600000|  0%| F|  |TS  0|AC  0|TAMS 0x00000000d0500000, 0x00000000d0500000|
| 236|0x00000000d0600000, 0x00000000d0600000, 0x00000000d0700000|  0%| F|  |TS  0|AC  0|TAMS 0x00000000d0600000, 0x00000000d0600000|
| 237|0x00000000d0700000, 0x00000000d0700000, 0x00000000d0800000|  0%| F|  |TS  0|AC  0|TAMS 0x00000000d0700000, 0x00000000d0700000|
| 238|0x00000000d0800000, 0x00000000d0800000, 0x00000000d0900000|  0%| F|  |TS  0|AC  0|TAMS 0x00000000d0800000, 0x00000000d0800000|
| 239|0x00000000d0900000, 0x00000000d0900000, 0x00000000d0a00000|  0%| F|  |TS  0|AC  0|TAMS 0x00000000d0900000, 0x00000000d0900000|
| 240|0x00000000d0a00000, 0x00000000d0a00000, 0x00000000d0b00000|  0%| F|  |TS  0|AC  0|TAMS 0x00000000d0a00000, 0x00000000d0a00000|
| 241|0x00000000d0b00000, 0x00000000d0b00000, 0x00000000d0c00000|  0%| F|  |TS  0|AC  0|TAMS 0x00000000d0b00000, 0x00000000d0b00000|
| 242|0x00000000d0c00000, 0x00000000d0c00000, 0x00000000d0d00000|  0%| F|  |TS  0|AC  0|TAMS 0x00000000d0c00000, 0x00000000d0c00000|
| 243|0x00000000d0d00000, 0x00000000d0d00000, 0x00000000d0e00000|  0%| F|  |TS  0|AC  0|TAMS 0x00000000d0d00000, 0x00000000d0d00000|
| 244|0x00000000d0e00000, 0x00000000d0e00000, 0x00000000d0f00000|  0%| F|  |TS  0|AC  0|TAMS 0x00000000d0e00000, 0x00000000d0e00000|
| 245|0x00000000d0f00000, 0x00000000d0f00000, 0x00000000d1000000|  0%| F|  |TS  0|AC  0|TAMS 0x00000000d0f00000, 0x00000000d0f00000|
| 246|0x00000000d1000000, 0x00000000d1000000, 0x00000000d1100000|  0%| F|  |TS  0|AC  0|TAMS 0x00000000d1000000, 0x00000000d1000000|
| 247|0x00000000d1100000, 0x00000000d1100000, 0x00000000d1200000|  0%| F|  |TS  0|AC  0|TAMS 0x00000000d1100000, 0x00000000d1100000|
| 248|0x00000000d1200000, 0x00000000d1200000, 0x00000000d1300000|  0%| F|  |TS  0|AC  0|TAMS 0x00000000d1200000, 0x00000000d1200000|
| 249|0x00000000d1300000, 0x00000000d1300000, 0x00000000d1400000|  0%| F|  |TS  0|AC  0|TAMS 0x00000000d1300000, 0x00000000d1300000|
| 250|0x00000000d1400000, 0x00000000d1400000, 0x00000000d1500000|  0%| F|  |TS  0|AC  0|TAMS 0x00000000d1400000, 0x00000000d1400000|
| 251|0x00000000d1500000, 0x00000000d1500000, 0x00000000d1600000|  0%| F|  |TS  0|AC  0|TAMS 0x00000000d1500000, 0x00000000d1500000|
| 252|0x00000000d1600000, 0x00000000d1600000, 0x00000000d1700000|  0%| F|  |TS  0|AC  0|TAMS 0x00000000d1600000, 0x00000000d1600000|
| 253|0x00000000d1700000, 0x00000000d1700000, 0x00000000d1800000|  0%| F|  |TS  0|AC  0|TAMS 0x00000000d1700000, 0x00000000d1700000|
| 254|0x00000000d1800000, 0x00000000d1800000, 0x00000000d1900000|  0%| F|  |TS  0|AC  0|TAMS 0x00000000d1800000, 0x00000000d1800000|
| 255|0x00000000d1900000, 0x00000000d1900000, 0x00000000d1a00000|  0%| F|  |TS  0|AC  0|TAMS 0x00000000d1900000, 0x00000000d1900000|
| 256|0x00000000d1a00000, 0x00000000d1a00000, 0x00000000d1b00000|  0%| F|  |TS  0|AC  0|TAMS 0x00000000d1a00000, 0x00000000d1a00000|
| 257|0x00000000d1b00000, 0x00000000d1b00000, 0x00000000d1c00000|  0%| F|  |TS  0|AC  0|TAMS 0x00000000d1b00000, 0x00000000d1b00000|
| 258|0x00000000d1c00000, 0x00000000d1c00000, 0x00000000d1d00000|  0%| F|  |TS  0|AC  0|TAMS 0x00000000d1c00000, 0x00000000d1c00000|
| 259|0x00000000d1d00000, 0x00000000d1d00000, 0x00000000d1e00000|  0%| F|  |TS  0|AC  0|TAMS 0x00000000d1d00000, 0x00000000d1d00000|
| 260|0x00000000d1e00000, 0x00000000d1e00000, 0x00000000d1f00000|  0%| F|  |TS  0|AC  0|TAMS 0x00000000d1e00000, 0x00000000d1e00000|
| 261|0x00000000d1f00000, 0x00000000d1f00000, 0x00000000d2000000|  0%| F|  |TS  0|AC  0|TAMS 0x00000000d1f00000, 0x00000000d1f00000|
| 262|0x00000000d2000000, 0x00000000d2000000, 0x00000000d2100000|  0%| F|  |TS  0|AC  0|TAMS 0x00000000d2000000, 0x00000000d2000000|
| 263|0x00000000d2100000, 0x00000000d2100000, 0x00000000d2200000|  0%| F|  |TS  0|AC  0|TAMS 0x00000000d2100000, 0x00000000d2100000|
| 264|0x00000000d2200000, 0x00000000d2200000, 0x00000000d2300000|  0%| F|  |TS  0|AC  0|TAMS 0x00000000d2200000, 0x00000000d2200000|
| 265|0x00000000d2300000, 0x00000000d2300000, 0x00000000d2400000|  0%| F|  |TS  0|AC  0|TAMS 0x00000000d2300000, 0x00000000d2300000|
| 266|0x00000000d2400000, 0x00000000d2400000, 0x00000000d2500000|  0%| F|  |TS  0|AC  0|TAMS 0x00000000d2400000, 0x00000000d2400000|
| 267|0x00000000d2500000, 0x00000000d2500000, 0x00000000d2600000|  0%| F|  |TS  0|AC  0|TAMS 0x00000000d2500000, 0x00000000d2500000|
| 268|0x00000000d2600000, 0x00000000d2600000, 0x00000000d2700000|  0%| F|  |TS  0|AC  0|TAMS 0x00000000d2600000, 0x00000000d2600000|
| 269|0x00000000d2700000, 0x00000000d2700000, 0x00000000d2800000|  0%| F|  |TS  0|AC  0|TAMS 0x00000000d2700000, 0x00000000d2700000|
| 270|0x00000000d2800000, 0x00000000d2800000, 0x00000000d2900000|  0%| F|  |TS  0|AC  0|TAMS 0x00000000d2800000, 0x00000000d2800000|
| 271|0x00000000d2900000, 0x00000000d2900000, 0x00000000d2a00000|  0%| F|  |TS  0|AC  0|TAMS 0x00000000d2900000, 0x00000000d2900000|
| 272|0x00000000d2a00000, 0x00000000d2a00000, 0x00000000d2b00000|  0%| F|  |TS  0|AC  0|TAMS 0x00000000d2a00000, 0x00000000d2a00000|
| 273|0x00000000d2b00000, 0x00000000d2b00000, 0x00000000d2c00000|  0%| F|  |TS  0|AC  0|TAMS 0x00000000d2b00000, 0x00000000d2b00000|
| 274|0x00000000d2c00000, 0x00000000d2c00000, 0x00000000d2d00000|  0%| F|  |TS  0|AC  0|TAMS 0x00000000d2c00000, 0x00000000d2c00000|
| 275|0x00000000d2d00000, 0x00000000d2d00000, 0x00000000d2e00000|  0%| F|  |TS  0|AC  0|TAMS 0x00000000d2d00000, 0x00000000d2d00000|
| 276|0x00000000d2e00000, 0x00000000d2e00000, 0x00000000d2f00000|  0%| F|  |TS  0|AC  0|TAMS 0x00000000d2e00000, 0x00000000d2e00000|
| 277|0x00000000d2f00000, 0x00000000d2f00000, 0x00000000d3000000|  0%| F|  |TS  0|AC  0|TAMS 0x00000000d2f00000, 0x00000000d2f00000|
| 278|0x00000000d3000000, 0x00000000d3000000, 0x00000000d3100000|  0%| F|  |TS  0|AC  0|TAMS 0x00000000d3000000, 0x00000000d3000000|
| 279|0x00000000d3100000, 0x00000000d3100000, 0x00000000d3200000|  0%| F|  |TS  0|AC  0|TAMS 0x00000000d3100000, 0x00000000d3100000|
| 280|0x00000000d3200000, 0x00000000d3200000, 0x00000000d3300000|  0%| F|  |TS  0|AC  0|TAMS 0x00000000d3200000, 0x00000000d3200000|
| 281|0x00000000d3300000, 0x00000000d3300000, 0x00000000d3400000|  0%| F|  |TS  0|AC  0|TAMS 0x00000000d3300000, 0x00000000d3300000|
| 282|0x00000000d3400000, 0x00000000d3400000, 0x00000000d3500000|  0%| F|  |TS  0|AC  0|TAMS 0x00000000d3400000, 0x00000000d3400000|
| 283|0x00000000d3500000, 0x00000000d3500000, 0x00000000d3600000|  0%| F|  |TS  0|AC  0|TAMS 0x00000000d3500000, 0x00000000d3500000|
| 284|0x00000000d3600000, 0x00000000d3600000, 0x00000000d3700000|  0%| F|  |TS  0|AC  0|TAMS 0x00000000d3600000, 0x00000000d3600000|
| 285|0x00000000d3700000, 0x00000000d3700000, 0x00000000d3800000|  0%| F|  |TS  0|AC  0|TAMS 0x00000000d3700000, 0x00000000d3700000|
| 286|0x00000000d3800000, 0x00000000d3800000, 0x00000000d3900000|  0%| F|  |TS  0|AC  0|TAMS 0x00000000d3800000, 0x00000000d3800000|
| 287|0x00000000d3900000, 0x00000000d3900000, 0x00000000d3a00000|  0%| F|  |TS  0|AC  0|TAMS 0x00000000d3900000, 0x00000000d3900000|
| 288|0x00000000d3a00000, 0x00000000d3a00000, 0x00000000d3b00000|  0%| F|  |TS  0|AC  0|TAMS 0x00000000d3a00000, 0x00000000d3a00000|
| 289|0x00000000d3b00000, 0x00000000d3b00000, 0x00000000d3c00000|  0%| F|  |TS  0|AC  0|TAMS 0x00000000d3b00000, 0x00000000d3b00000|
| 290|0x00000000d3c00000, 0x00000000d3c00000, 0x00000000d3d00000|  0%| F|  |TS  0|AC  0|TAMS 0x00000000d3c00000, 0x00000000d3c00000|
| 291|0x00000000d3d00000, 0x00000000d3d00000, 0x00000000d3e00000|  0%| F|  |TS  0|AC  0|TAMS 0x00000000d3d00000, 0x00000000d3d00000|
| 292|0x00000000d3e00000, 0x00000000d3e00000, 0x00000000d3f00000|  0%| F|  |TS  0|AC  0|TAMS 0x00000000d3e00000, 0x00000000d3e00000|
| 293|0x00000000d3f00000, 0x00000000d3f00000, 0x00000000d4000000|  0%| F|  |TS  0|AC  0|TAMS 0x00000000d3f00000, 0x00000000d3f00000|
| 294|0x00000000d4000000, 0x00000000d4000000, 0x00000000d4100000|  0%| F|  |TS  0|AC  0|TAMS 0x00000000d4000000, 0x00000000d4000000|
| 295|0x00000000d4100000, 0x00000000d4100000, 0x00000000d4200000|  0%| F|  |TS  0|AC  0|TAMS 0x00000000d4100000, 0x00000000d4100000|
| 296|0x00000000d4200000, 0x00000000d4200000, 0x00000000d4300000|  0%| F|  |TS  0|AC  0|TAMS 0x00000000d4200000, 0x00000000d4200000|
| 297|0x00000000d4300000, 0x00000000d4300000, 0x00000000d4400000|  0%| F|  |TS  0|AC  0|TAMS 0x00000000d4300000, 0x00000000d4300000|
| 298|0x00000000d4400000, 0x00000000d4400000, 0x00000000d4500000|  0%| F|  |TS  0|AC  0|TAMS 0x00000000d4400000, 0x00000000d4400000|
| 299|0x00000000d4500000, 0x00000000d4500000, 0x00000000d4600000|  0%| F|  |TS  0|AC  0|TAMS 0x00000000d4500000, 0x00000000d4500000|
| 300|0x00000000d4600000, 0x00000000d4600000, 0x00000000d4700000|  0%| F|  |TS  0|AC  0|TAMS 0x00000000d4600000, 0x00000000d4600000|
| 301|0x00000000d4700000, 0x00000000d4700000, 0x00000000d4800000|  0%| F|  |TS  0|AC  0|TAMS 0x00000000d4700000, 0x00000000d4700000|
| 302|0x00000000d4800000, 0x00000000d4800000, 0x00000000d4900000|  0%| F|  |TS  0|AC  0|TAMS 0x00000000d4800000, 0x00000000d4800000|
| 303|0x00000000d4900000, 0x00000000d4900000, 0x00000000d4a00000|  0%| F|  |TS  0|AC  0|TAMS 0x00000000d4900000, 0x00000000d4900000|
| 304|0x00000000d4a00000, 0x00000000d4a00000, 0x00000000d4b00000|  0%| F|  |TS  0|AC  0|TAMS 0x00000000d4a00000, 0x00000000d4a00000|
| 305|0x00000000d4b00000, 0x00000000d4b00000, 0x00000000d4c00000|  0%| F|  |TS  0|AC  0|TAMS 0x00000000d4b00000, 0x00000000d4b00000|
| 306|0x00000000d4c00000, 0x00000000d4c00000, 0x00000000d4d00000|  0%| F|  |TS  0|AC  0|TAMS 0x00000000d4c00000, 0x00000000d4c00000|
| 307|0x00000000d4d00000, 0x00000000d4d00000, 0x00000000d4e00000|  0%| F|  |TS  0|AC  0|TAMS 0x00000000d4d00000, 0x00000000d4d00000|
| 308|0x00000000d4e00000, 0x00000000d4e00000, 0x00000000d4f00000|  0%| F|  |TS  0|AC  0|TAMS 0x00000000d4e00000, 0x00000000d4e00000|
| 309|0x00000000d4f00000, 0x00000000d4f00000, 0x00000000d5000000|  0%| F|  |TS  0|AC  0|TAMS 0x00000000d4f00000, 0x00000000d4f00000|
| 310|0x00000000d5000000, 0x00000000d5000000, 0x00000000d5100000|  0%| F|  |TS  0|AC  0|TAMS 0x00000000d5000000, 0x00000000d5000000|
| 311|0x00000000d5100000, 0x00000000d5100000, 0x00000000d5200000|  0%| F|  |TS  0|AC  0|TAMS 0x00000000d5100000, 0x00000000d5100000|
| 312|0x00000000d5200000, 0x00000000d5200000, 0x00000000d5300000|  0%| F|  |TS  0|AC  0|TAMS 0x00000000d5200000, 0x00000000d5200000|
| 313|0x00000000d5300000, 0x00000000d5300000, 0x00000000d5400000|  0%| F|  |TS  0|AC  0|TAMS 0x00000000d5300000, 0x00000000d5300000|
| 314|0x00000000d5400000, 0x00000000d5400000, 0x00000000d5500000|  0%| F|  |TS  0|AC  0|TAMS 0x00000000d5400000, 0x00000000d5400000|
| 315|0x00000000d5500000, 0x00000000d5500000, 0x00000000d5600000|  0%| F|  |TS  0|AC  0|TAMS 0x00000000d5500000, 0x00000000d5500000|
| 316|0x00000000d5600000, 0x00000000d5600000, 0x00000000d5700000|  0%| F|  |TS  0|AC  0|TAMS 0x00000000d5600000, 0x00000000d5600000|
| 317|0x00000000d5700000, 0x00000000d5700000, 0x00000000d5800000|  0%| F|  |TS  0|AC  0|TAMS 0x00000000d5700000, 0x00000000d5700000|
| 318|0x00000000d5800000, 0x00000000d5800000, 0x00000000d5900000|  0%| F|  |TS  0|AC  0|TAMS 0x00000000d5800000, 0x00000000d5800000|
| 319|0x00000000d5900000, 0x00000000d5900000, 0x00000000d5a00000|  0%| F|  |TS  0|AC  0|TAMS 0x00000000d5900000, 0x00000000d5900000|
| 320|0x00000000d5a00000, 0x00000000d5a00000, 0x00000000d5b00000|  0%| F|  |TS  0|AC  0|TAMS 0x00000000d5a00000, 0x00000000d5a00000|
| 321|0x00000000d5b00000, 0x00000000d5b00000, 0x00000000d5c00000|  0%| F|  |TS  0|AC  0|TAMS 0x00000000d5b00000, 0x00000000d5b00000|
| 322|0x00000000d5c00000, 0x00000000d5c00000, 0x00000000d5d00000|  0%| F|  |TS  0|AC  0|TAMS 0x00000000d5c00000, 0x00000000d5c00000|
| 323|0x00000000d5d00000, 0x00000000d5d00000, 0x00000000d5e00000|  0%| F|  |TS  0|AC  0|TAMS 0x00000000d5d00000, 0x00000000d5d00000|
| 324|0x00000000d5e00000, 0x00000000d5e00000, 0x00000000d5f00000|  0%| F|  |TS  0|AC  0|TAMS 0x00000000d5e00000, 0x00000000d5e00000|
| 325|0x00000000d5f00000, 0x00000000d5f00000, 0x00000000d6000000|  0%| F|  |TS  0|AC  0|TAMS 0x00000000d5f00000, 0x00000000d5f00000|
| 326|0x00000000d6000000, 0x00000000d6000000, 0x00000000d6100000|  0%| F|  |TS  0|AC  0|TAMS 0x00000000d6000000, 0x00000000d6000000|
| 327|0x00000000d6100000, 0x00000000d6100000, 0x00000000d6200000|  0%| F|  |TS  0|AC  0|TAMS 0x00000000d6100000, 0x00000000d6100000|
| 328|0x00000000d6200000, 0x00000000d6200000, 0x00000000d6300000|  0%| F|  |TS  0|AC  0|TAMS 0x00000000d6200000, 0x00000000d6200000|
| 329|0x00000000d6300000, 0x00000000d6300000, 0x00000000d6400000|  0%| F|  |TS  0|AC  0|TAMS 0x00000000d6300000, 0x00000000d6300000|
| 330|0x00000000d6400000, 0x00000000d6400000, 0x00000000d6500000|  0%| F|  |TS  0|AC  0|TAMS 0x00000000d6400000, 0x00000000d6400000|
| 331|0x00000000d6500000, 0x00000000d6500000, 0x00000000d6600000|  0%| F|  |TS  0|AC  0|TAMS 0x00000000d6500000, 0x00000000d6500000|
| 332|0x00000000d6600000, 0x00000000d6600000, 0x00000000d6700000|  0%| F|  |TS  0|AC  0|TAMS 0x00000000d6600000, 0x00000000d6600000|
| 333|0x00000000d6700000, 0x00000000d6700000, 0x00000000d6800000|  0%| F|  |TS  0|AC  0|TAMS 0x00000000d6700000, 0x00000000d6700000|
| 334|0x00000000d6800000, 0x00000000d6800000, 0x00000000d6900000|  0%| F|  |TS  0|AC  0|TAMS 0x00000000d6800000, 0x00000000d6800000|
| 335|0x00000000d6900000, 0x00000000d6900000, 0x00000000d6a00000|  0%| F|  |TS  0|AC  0|TAMS 0x00000000d6900000, 0x00000000d6900000|
| 336|0x00000000d6a00000, 0x00000000d6a00000, 0x00000000d6b00000|  0%| F|  |TS  0|AC  0|TAMS 0x00000000d6a00000, 0x00000000d6a00000|
| 337|0x00000000d6b00000, 0x00000000d6b00000, 0x00000000d6c00000|  0%| F|  |TS  0|AC  0|TAMS 0x00000000d6b00000, 0x00000000d6b00000|
| 338|0x00000000d6c00000, 0x00000000d6c00000, 0x00000000d6d00000|  0%| F|  |TS  0|AC  0|TAMS 0x00000000d6c00000, 0x00000000d6c00000|
| 339|0x00000000d6d00000, 0x00000000d6d00000, 0x00000000d6e00000|  0%| F|  |TS  0|AC  0|TAMS 0x00000000d6d00000, 0x00000000d6d00000|
| 340|0x00000000d6e00000, 0x00000000d6e00000, 0x00000000d6f00000|  0%| F|  |TS  0|AC  0|TAMS 0x00000000d6e00000, 0x00000000d6e00000|
| 341|0x00000000d6f00000, 0x00000000d6f00000, 0x00000000d7000000|  0%| F|  |TS  0|AC  0|TAMS 0x00000000d6f00000, 0x00000000d6f00000|
| 342|0x00000000d7000000, 0x00000000d7000000, 0x00000000d7100000|  0%| F|  |TS  0|AC  0|TAMS 0x00000000d7000000, 0x00000000d7000000|
| 343|0x00000000d7100000, 0x00000000d7100000, 0x00000000d7200000|  0%| F|  |TS  0|AC  0|TAMS 0x00000000d7100000, 0x00000000d7100000|
| 344|0x00000000d7200000, 0x00000000d7200000, 0x00000000d7300000|  0%| F|  |TS  0|AC  0|TAMS 0x00000000d7200000, 0x00000000d7200000|
| 345|0x00000000d7300000, 0x00000000d7300000, 0x00000000d7400000|  0%| F|  |TS  0|AC  0|TAMS 0x00000000d7300000, 0x00000000d7300000|
| 346|0x00000000d7400000, 0x00000000d7400000, 0x00000000d7500000|  0%| F|  |TS  0|AC  0|TAMS 0x00000000d7400000, 0x00000000d7400000|
| 347|0x00000000d7500000, 0x00000000d7500000, 0x00000000d7600000|  0%| F|  |TS  0|AC  0|TAMS 0x00000000d7500000, 0x00000000d7500000|
| 348|0x00000000d7600000, 0x00000000d7600000, 0x00000000d7700000|  0%| F|  |TS  0|AC  0|TAMS 0x00000000d7600000, 0x00000000d7600000|
| 349|0x00000000d7700000, 0x00000000d7700000, 0x00000000d7800000|  0%| F|  |TS  0|AC  0|TAMS 0x00000000d7700000, 0x00000000d7700000|
| 350|0x00000000d7800000, 0x00000000d7800000, 0x00000000d7900000|  0%| F|  |TS  0|AC  0|TAMS 0x00000000d7800000, 0x00000000d7800000|
| 351|0x00000000d7900000, 0x00000000d7900000, 0x00000000d7a00000|  0%| F|  |TS  0|AC  0|TAMS 0x00000000d7900000, 0x00000000d7900000|
| 352|0x00000000d7a00000, 0x00000000d7a00000, 0x00000000d7b00000|  0%| F|  |TS  0|AC  0|TAMS 0x00000000d7a00000, 0x00000000d7a00000|
| 353|0x00000000d7b00000, 0x00000000d7b00000, 0x00000000d7c00000|  0%| F|  |TS  0|AC  0|TAMS 0x00000000d7b00000, 0x00000000d7b00000|
| 354|0x00000000d7c00000, 0x00000000d7c00000, 0x00000000d7d00000|  0%| F|  |TS  0|AC  0|TAMS 0x00000000d7c00000, 0x00000000d7c00000|
| 355|0x00000000d7d00000, 0x00000000d7d00000, 0x00000000d7e00000|  0%| F|  |TS  0|AC  0|TAMS 0x00000000d7d00000, 0x00000000d7d00000|
| 356|0x00000000d7e00000, 0x00000000d7e00810, 0x00000000d7f00000|  0%| E|CS|TS  0|AC  0|TAMS 0x00000000d7e00000, 0x00000000d7e00810|
| 357|0x00000000d7f00000, 0x00000000d7f80000, 0x00000000d8000000| 50%| E|CS|TS  0|AC  0|TAMS 0x00000000d7f00000, 0x00000000d7f80000|

Card table byte_map: [0x000001e256490000,0x000001e256690000] byte_map_base: 0x000001e255e83000

Marking Bits (Prev, Next): (CMBitMap*) 0x000001e23dd0a990, (CMBitMap*) 0x000001e23dd0a9c8
 Prev Bits: [0x000001e256890000, 0x000001e257828000)
 Next Bits: [0x000001e257830000, 0x000001e2587c8000)

Polling page: 0x000001e23dab0000

CodeHeap 'non-profiled nmethods': size=120064Kb used=74Kb max_used=74Kb free=119989Kb
 bounds [0x000001e24e730000, 0x000001e24e9a0000, 0x000001e255c70000]
CodeHeap 'profiled nmethods': size=120000Kb used=217Kb max_used=217Kb free=119783Kb
 bounds [0x000001e247200000, 0x000001e247470000, 0x000001e24e730000]
CodeHeap 'non-nmethods': size=5696Kb used=1075Kb max_used=1093Kb free=4620Kb
 bounds [0x000001e246c70000, 0x000001e246ee0000, 0x000001e247200000]
 total_blobs=496 nmethods=163 adapters=166
 compilation: enabled

Compilation events (10 events):
Event: 90.306 Thread 0x000001e25b57b000 nmethod 157 0x000001e24e73d810 code [0x000001e24e73d9e0, 0x000001e24e73e398]
Event: 90.306 Thread 0x000001e25b57b000  159       4       java.lang.Integer::toUnsignedString0 (78 bytes)
Event: 90.342 Thread 0x000001e25b57b000 nmethod 159 0x000001e24e73e910 code [0x000001e24e73eac0, 0x000001e24e73ef58]
Event: 90.458 Thread 0x000001e25b5da800 nmethod 158 0x000001e24e73f210 code [0x000001e24e73f460, 0x000001e24e7410a8]
Event: 282.949 Thread 0x000001e25b5e6800  160 %     3       PackMan.ShortestPathAlgo::toString @ 14 (52 bytes)
Event: 282.958 Thread 0x000001e25b5e6800 nmethod 160% 0x000001e247232a90 code [0x000001e247232d80, 0x000001e247233db0]
Event: 289.580 Thread 0x000001e25b5e6800  161       3       PackMan.ShortestPathAlgo::toString (52 bytes)
Event: 289.590 Thread 0x000001e25b5e6800 nmethod 161 0x000001e247234390 code [0x000001e247234680, 0x000001e247235600]
Event: 7261.408 Thread 0x000001e25b5e6800  163       3       java.lang.ref.ReferenceQueue::reallyPoll (65 bytes)
Event: 7261.454 Thread 0x000001e25b5e6800 nmethod 163 0x000001e247235b90 code [0x000001e247235d80, 0x000001e2472362f8]

GC Heap History (10 events):
Event: 9245.637 GC heap after
{Heap after GC invocations=159384 (full 0):
 garbage-first heap   total 366592K, used 14059K [0x00000000c1a00000, 0x0000000100000000)
  region size 1024K, 1 young (1024K), 1 survivors (1024K)
 Metaspace       used 3715K, capacity 4664K, committed 4864K, reserved 1056768K
  class space    used 364K, capacity 424K, committed 512K, reserved 1048576K
}
Event: 9245.838 GC heap before
{Heap before GC invocations=159385 (full 0):
 garbage-first heap   total 366592K, used 160491K [0x00000000c1a00000, 0x0000000100000000)
  region size 1024K, 2 young (2048K), 1 survivors (1024K)
 Metaspace       used 3715K, capacity 4664K, committed 4864K, reserved 1056768K
  class space    used 364K, capacity 424K, committed 512K, reserved 1048576K
}
Event: 9245.839 GC heap after
{Heap after GC invocations=159386 (full 0):
 garbage-first heap   total 366592K, used 40683K [0x00000000c1a00000, 0x0000000100000000)
  region size 1024K, 1 young (1024K), 1 survivors (1024K)
 Metaspace       used 3715K, capacity 4664K, committed 4864K, reserved 1056768K
  class space    used 364K, capacity 424K, committed 512K, reserved 1048576K
}
Event: 9245.991 GC heap before
{Heap before GC invocations=159387 (full 0):
 garbage-first heap   total 366592K, used 160491K [0x00000000c1a00000, 0x0000000100000000)
  region size 1024K, 2 young (2048K), 1 survivors (1024K)
 Metaspace       used 3715K, capacity 4664K, committed 4864K, reserved 1056768K
  class space    used 364K, capacity 424K, committed 512K, reserved 1048576K
}
Event: 9245.994 GC heap after
{Heap after GC invocations=159388 (full 0):
 garbage-first heap   total 366592K, used 14059K [0x00000000c1a00000, 0x0000000100000000)
  region size 1024K, 1 young (1024K), 1 survivors (1024K)
 Metaspace       used 3715K, capacity 4664K, committed 4864K, reserved 1056768K
  class space    used 364K, capacity 424K, committed 512K, reserved 1048576K
}
Event: 9246.162 GC heap before
{Heap before GC invocations=159389 (full 0):
 garbage-first heap   total 366592K, used 160491K [0x00000000c1a00000, 0x0000000100000000)
  region size 1024K, 2 young (2048K), 1 survivors (1024K)
 Metaspace       used 3715K, capacity 4664K, committed 4864K, reserved 1056768K
  class space    used 364K, capacity 424K, committed 512K, reserved 1048576K
}
Event: 9246.163 GC heap after
{Heap after GC invocations=159390 (full 0):
 garbage-first heap   total 366592K, used 40683K [0x00000000c1a00000, 0x0000000100000000)
  region size 1024K, 1 young (1024K), 1 survivors (1024K)
 Metaspace       used 3715K, capacity 4664K, committed 4864K, reserved 1056768K
  class space    used 364K, capacity 424K, committed 512K, reserved 1048576K
}
Event: 9246.315 GC heap before
{Heap before GC invocations=159391 (full 0):
 garbage-first heap   total 366592K, used 160491K [0x00000000c1a00000, 0x0000000100000000)
  region size 1024K, 2 young (2048K), 1 survivors (1024K)
 Metaspace       used 3715K, capacity 4664K, committed 4864K, reserved 1056768K
  class space    used 364K, capacity 424K, committed 512K, reserved 1048576K
}
Event: 9246.317 GC heap after
{Heap after GC invocations=159392 (full 0):
 garbage-first heap   total 366592K, used 14059K [0x00000000c1a00000, 0x0000000100000000)
  region size 1024K, 1 young (1024K), 1 survivors (1024K)
 Metaspace       used 3715K, capacity 4664K, committed 4864K, reserved 1056768K
  class space    used 364K, capacity 424K, committed 512K, reserved 1048576K
}
Event: 9246.520 GC heap before
{Heap before GC invocations=159393 (full 0):
 garbage-first heap   total 366592K, used 160491K [0x00000000c1a00000, 0x0000000100000000)
  region size 1024K, 2 young (2048K), 1 survivors (1024K)
 Metaspace       used 3715K, capacity 4664K, committed 4864K, reserved 1056768K
  class space    used 364K, capacity 424K, committed 512K, reserved 1048576K
}

Deoptimization events (1 events):
Event: 0.894 Thread 0x000001e23dcb5000 Uncommon trap: reason=unstable_if action=reinterpret pc=0x000001e24e733db8 method=java.lang.String.hashCode()I @ 14 c2

Classes redefined (10 events):
Event: 1462.264 Thread 0x000001e25b522000 redefined class name=PackMan.ShortestPathAlgo, count=7
Event: 1510.199 Thread 0x000001e25b522000 redefined class name=PackMan.ShortestPathAlgo, count=8
Event: 1638.773 Thread 0x000001e25b522000 redefined class name=PackMan.ShortestPathAlgo, count=9
Event: 1660.522 Thread 0x000001e25b522000 redefined class name=PackMan.ShortestPathAlgo, count=10
Event: 1688.034 Thread 0x000001e25b522000 redefined class name=PackMan.Path, count=2
Event: 1718.229 Thread 0x000001e25b522000 redefined class name=PackMan.ShortestPathAlgo, count=11
Event: 1830.307 Thread 0x000001e25b522000 redefined class name=PackMan.ShortestPathAlgo, count=12
Event: 2075.180 Thread 0x000001e25b522000 redefined class name=PackMan.ShortestPathAlgo, count=13
Event: 4482.420 Thread 0x000001e25b522000 redefined class name=PackMan.ShortestPathAlgo, count=14
Event: 4580.416 Thread 0x000001e25b522000 redefined class name=PackMan.ShortestPathAlgo, count=15

Internal exceptions (0 events):
No events

Events (10 events):
Event: 9246.198 Executing VM operation: CGC_Operation done
Event: 9246.315 Executing VM operation: G1IncCollectionPause
Event: 9246.317 Executing VM operation: G1IncCollectionPause done
Event: 9246.322 Executing VM operation: CGC_Operation
Event: 9246.327 Executing VM operation: CGC_Operation done
Event: 9246.328 Executing VM operation: CGC_Operation
Event: 9246.329 Executing VM operation: CGC_Operation done
Event: 9246.477 Executing VM operation: ChangeBreakpoints
Event: 9246.490 Executing VM operation: ChangeBreakpoints done
Event: 9246.520 Executing VM operation: G1IncCollectionPause


Dynamic libraries:
0x00007ff72ab10000 - 0x00007ff72ab4e000 	C:\Program Files\Java\jre-10.0.1\bin\javaw.exe
0x00007ffb03a80000 - 0x00007ffb03c61000 	C:\WINDOWS\SYSTEM32\ntdll.dll
0x00007ffb01360000 - 0x00007ffb01412000 	C:\WINDOWS\System32\KERNEL32.DLL
0x00007ffb00560000 - 0x00007ffb007d3000 	C:\WINDOWS\System32\KERNELBASE.dll
0x00007ffb031c0000 - 0x00007ffb03261000 	C:\WINDOWS\System32\ADVAPI32.dll
0x00007ffb039b0000 - 0x00007ffb03a4e000 	C:\WINDOWS\System32\msvcrt.dll
0x00007ffb030a0000 - 0x00007ffb030fb000 	C:\WINDOWS\System32\sechost.dll
0x00007ffb033d0000 - 0x00007ffb034f4000 	C:\WINDOWS\System32\RPCRT4.dll
0x00007ffb03690000 - 0x00007ffb03820000 	C:\WINDOWS\System32\USER32.dll
0x00007ffb00ef0000 - 0x00007ffb00f10000 	C:\WINDOWS\System32\win32u.dll
0x00007ffb01910000 - 0x00007ffb01938000 	C:\WINDOWS\System32\GDI32.dll
0x00007ffaffeb0000 - 0x00007ffb00042000 	C:\WINDOWS\System32\gdi32full.dll
0x00007ffb00390000 - 0x00007ffb0042f000 	C:\WINDOWS\System32\msvcp_win.dll
0x00007ffb00290000 - 0x00007ffb0038a000 	C:\WINDOWS\System32\ucrtbase.dll
0x00007ffaf4df0000 - 0x00007ffaf5059000 	C:\WINDOWS\WinSxS\amd64_microsoft.windows.common-controls_6595b64144ccf1df_6.0.17134.407_none_fb449d63306391e9\COMCTL32.dll
0x00007ffaf71d0000 - 0x00007ffaf71da000 	C:\WINDOWS\SYSTEM32\VERSION.dll
0x00007ffb015c0000 - 0x00007ffb018e2000 	C:\WINDOWS\System32\combase.dll
0x00007ffb00430000 - 0x00007ffb004aa000 	C:\WINDOWS\System32\bcryptPrimitives.dll
0x00007ffb03590000 - 0x00007ffb035bd000 	C:\WINDOWS\System32\IMM32.DLL
0x00007ffacd3b0000 - 0x00007ffacd49f000 	C:\Program Files\Java\jre-10.0.1\bin\msvcr120.dll
0x00007ffaccf80000 - 0x00007ffacd026000 	C:\Program Files\Java\jre-10.0.1\bin\msvcp120.dll
0x0000000056fa0000 - 0x0000000057a10000 	C:\Program Files\Java\jre-10.0.1\bin\server\jvm.dll
0x00007ffb01900000 - 0x00007ffb01908000 	C:\WINDOWS\System32\PSAPI.DLL
0x00007ffafc820000 - 0x00007ffafc829000 	C:\WINDOWS\SYSTEM32\WSOCK32.dll
0x00007ffb035c0000 - 0x00007ffb0362c000 	C:\WINDOWS\System32\WS2_32.dll
0x00007ffafdae0000 - 0x00007ffafdb03000 	C:\WINDOWS\SYSTEM32\WINMM.dll
0x00007ffafdab0000 - 0x00007ffafdada000 	C:\WINDOWS\SYSTEM32\WINMMBASE.dll
0x00007ffb00050000 - 0x00007ffb00099000 	C:\WINDOWS\System32\cfgmgr32.dll
0x00007ffafc810000 - 0x00007ffafc81f000 	C:\Program Files\Java\jre-10.0.1\bin\verify.dll
0x00007ffaf6f90000 - 0x00007ffaf7159000 	C:\WINDOWS\SYSTEM32\DBGHELP.DLL
0x00007ffaf6f60000 - 0x00007ffaf6f89000 	C:\WINDOWS\SYSTEM32\dbgcore.DLL
0x00007ffaf38d0000 - 0x00007ffaf38f7000 	C:\Program Files\Java\jre-10.0.1\bin\java.dll
0x00007ffaf3750000 - 0x00007ffaf3786000 	C:\Program Files\Java\jre-10.0.1\bin\jdwp.dll
0x00007ffaf3730000 - 0x00007ffaf3746000 	C:\Program Files\Java\jre-10.0.1\bin\zip.dll
0x00007ffafc700000 - 0x00007ffafc70a000 	C:\Program Files\Java\jre-10.0.1\bin\jimage.dll
0x00007ffb01c60000 - 0x00007ffb0309f000 	C:\WINDOWS\System32\SHELL32.dll
0x00007ffb014f0000 - 0x00007ffb01599000 	C:\WINDOWS\System32\shcore.dll
0x00007ffb007e0000 - 0x00007ffb00eed000 	C:\WINDOWS\System32\windows.storage.dll
0x00007ffb03630000 - 0x00007ffb03681000 	C:\WINDOWS\System32\shlwapi.dll
0x00007ffaffd90000 - 0x00007ffaffda1000 	C:\WINDOWS\System32\kernel.appcore.dll
0x00007ffaffe20000 - 0x00007ffaffe3f000 	C:\WINDOWS\System32\profapi.dll
0x00007ffaffdd0000 - 0x00007ffaffe1c000 	C:\WINDOWS\System32\powrprof.dll
0x00007ffaffe40000 - 0x00007ffaffe4a000 	C:\WINDOWS\System32\FLTLIB.DLL
0x00007ffaf8670000 - 0x00007ffaf867a000 	C:\Program Files\Java\jre-10.0.1\bin\dt_socket.dll
0x00007ffaff5b0000 - 0x00007ffaff616000 	C:\WINDOWS\System32\mswsock.dll
0x00007ffaff370000 - 0x00007ffaff42e000 	C:\WINDOWS\SYSTEM32\DNSAPI.dll
0x00007ffb018f0000 - 0x00007ffb018f8000 	C:\WINDOWS\System32\NSI.dll
0x00007ffaff330000 - 0x00007ffaff368000 	C:\WINDOWS\SYSTEM32\IPHLPAPI.DLL
0x00007ffaf3180000 - 0x00007ffaf31f2000 	C:\WINDOWS\System32\fwpuclnt.dll
0x00007ffaff8f0000 - 0x00007ffaff915000 	C:\WINDOWS\SYSTEM32\bcrypt.dll
0x00007ffaf2cb0000 - 0x00007ffaf2cba000 	C:\Windows\System32\rasadhlp.dll

dbghelp: loaded successfully - version: 4.0.5 - missing functions: none
symbol engine: initialized successfully - sym options: 0x614 - pdb path: .;C:\Program Files\Java\jre-10.0.1\bin;C:\WINDOWS\SYSTEM32;C:\WINDOWS\WinSxS\amd64_microsoft.windows.common-controls_6595b64144ccf1df_6.0.17134.407_none_fb449d63306391e9;C:\Program Files\Java\jre-10.0.1\bin\server

VM Arguments:
jvm_args: -agentlib:jdwp=transport=dt_socket,suspend=y,address=localhost:52071 -Dfile.encoding=Cp1255 
java_command: PackMan.ShortestPathAlgo
java_class_path (initial): C:\Users\OrShemesh\eclipse-workspace\project_gps_coordinates\bin;C:\Users\OrShemesh\eclipse-workspace\project_gps_coordinates\json-simple-1.1.jar;C:\Program Files\eclipse\plugins\org.junit.jupiter.api_5.0.0.v20170910-2246.jar;C:\Program Files\eclipse\plugins\org.junit.jupiter.engine_5.0.0.v20170910-2246.jar;C:\Program Files\eclipse\plugins\org.junit.jupiter.migrationsupport_5.0.0.v20170910-2246.jar;C:\Program Files\eclipse\plugins\org.junit.jupiter.params_5.0.0.v20170910-2246.jar;C:\Program Files\eclipse\plugins\org.junit.platform.commons_1.0.0.v20170910-2246.jar;C:\Program Files\eclipse\plugins\org.junit.platform.engine_1.0.0.v20170910-2246.jar;C:\Program Files\eclipse\plugins\org.junit.platform.launcher_1.0.0.v20170910-2246.jar;C:\Program Files\eclipse\plugins\org.junit.platform.runner_1.0.0.v20170910-2246.jar;C:\Program Files\eclipse\plugins\org.junit.platform.suite.api_1.0.0.v20170910-2246.jar;C:\Program Files\eclipse\plugins\org.junit.vintage.engine_4.12.0.v20170910-2246.jar;C:\Program Files\eclipse\plugins\org.opentest4j_1.0.0.v20170910-2246.jar;C:\Program Files\eclipse\plugins\org.apiguardian_1.0.0.v20170910-2246.jar;C:\Program Files\eclipse\plugins\org.junit_4.12.0.v201504281640\junit.jar;C:\Program Files\eclipse\plugins\org.hamcrest.core_1.3.0.v201303031735.jar
Launcher Type: SUN_STANDARD

Logging:
Log output configuration:
#0: stdout all=warning uptime,level,tags
#1: stderr all=off uptime,level,tags

Environment Variables:
PATH=C:/Program Files/Java/jre1.8.0_191/bin/server;C:/Program Files/Java/jre1.8.0_191/bin;C:/Program Files/Java/jre1.8.0_191/lib/amd64;C:\Program Files (x86)\Common Files\Oracle\Java\javapath;C:\ProgramData\Oracle\Java\javapath;C:\Program Files (x86)\Intel\iCLS Client\;C:\Program Files\Intel\iCLS Client\;C:\WINDOWS\system32;C:\WINDOWS;C:\WINDOWS\System32\Wbem;C:\WINDOWS\System32\WindowsPowerShell\v1.0\:C:\Program Files\Java\jdk-10.0.1\bin\:C:\Program Files\Java\jre-10.0.1\bin;C:\Program Files (x86)\Windows Live\Shared;C:\Program Files (x86)\Intel\OpenCL SDK\2.0\bin\x86;C:\Program Files (x86)\Intel\OpenCL SDK\2.0\bin\x64;C:\Program Files\Intel\Intel(R) Management Engine Components\DAL;C:\Program Files\Intel\Intel(R) Management Engine Components\IPT;C:\Program Files (x86)\Intel\Intel(R) Management Engine Components\DAL;C:\WINDOWS\System32\OpenSSH\;C:\Program Files\nodejs\;C:\Program Files\Git\cmd;C:\Program Files\Git\mingw64\bin;C:\Program Files\Git\usr\bin;C:\Users\OrShemesh\AppData\Local\Microsoft\WindowsApps;C:\Users\OrShemesh\AppData\Local\Programs\Fiddler;C:\Users\OrShemesh\AppData\Roaming\npm;C:\Program Files\eclipse;
USERNAME=
OS=Windows_NT
PROCESSOR_IDENTIFIER=Intel64 Family 6 Model 58 Stepping 9, GenuineIntel



---------------  S Y S T E M  ---------------

OS: Windows 10 , 64 bit Build 17134 (10.0.17134.1)

CPU:total 4 (initial active 4) (2 cores per cpu, 2 threads per core) family 6 model 58 stepping 9, cmov, cx8, fxsr, mmx, sse, sse2, sse3, ssse3, sse4.1, sse4.2, popcnt, avx, clmul, erms, ht, tsc, tscinvbit, tscinv

Memory: 4k page, physical 4080920k(424220k free), swap 8706448k(1522840k free)

vm_info: Java HotSpot(TM) 64-Bit Server VM (10.0.1+10) for windows-amd64 JRE (10.0.1+10), built on Mar 27 2018 02:27:48 by "mach5one" with MS VC++ 12.0 (VS2013)

END.
